SF:lib/src/core/di/injection.dart
DA:18,9
DA:21,1
DA:22,2
DA:23,2
DA:25,1
DA:26,1
DA:27,6
DA:28,1
DA:29,4
DA:30,5
DA:31,5
DA:32,5
DA:33,5
DA:34,5
DA:35,5
DA:36,5
DA:37,2
DA:38,7
DA:39,3
DA:40,2
DA:41,2
DA:42,2
DA:43,2
DA:44,2
LF:24
LH:24
end_of_record
SF:lib/src/core/services/secure_storage_service.dart
DA:6,1
DA:7,2
DA:8,3
DA:9,3
LF:4
LH:4
end_of_record
SF:lib/src/data/datasources/mock_api.dart
DA:35,1
DA:37,1
DA:39,5
DA:40,3
DA:44,1
DA:46,1
DA:47,3
DA:48,3
DA:52,1
DA:54,1
DA:55,3
DA:56,2
DA:57,2
DA:58,2
DA:60,1
DA:63,1
DA:67,1
DA:68,1
DA:69,2
DA:73,1
DA:76,2
DA:80,1
DA:81,1
DA:82,6
DA:83,2
DA:84,2
DA:85,2
DA:88,1
DA:91,1
DA:92,1
DA:93,5
DA:96,1
DA:97,1
DA:98,5
DA:99,2
DA:100,2
DA:102,2
DA:103,2
DA:104,2
DA:107,0
DA:110,1
DA:111,1
DA:112,5
LF:43
LH:42
end_of_record
SF:lib/src/data/repositories/auth_repository_impl.dart
DA:7,2
DA:15,1
DA:20,2
DA:21,2
DA:25,1
DA:30,2
DA:31,2
DA:35,1
DA:36,2
DA:38,1
DA:39,2
LF:11
LH:11
end_of_record
SF:lib/src/data/repositories/task_repository_impl.dart
DA:6,2
DA:9,1
DA:10,2
DA:12,1
DA:18,2
DA:25,1
DA:26,2
DA:28,1
DA:32,2
DA:33,1
DA:34,1
DA:35,1
DA:39,1
DA:40,2
DA:42,1
DA:43,2
LF:16
LH:16
end_of_record
SF:lib/src/domain/repositories/task_repository.dart
DA:5,5
LF:1
LH:1
end_of_record
SF:lib/src/domain/usecases/create_task.dart
DA:5,5
DA:7,3
DA:12,6
LF:3
LH:3
end_of_record
SF:lib/src/domain/usecases/delete_task.dart
DA:4,5
DA:6,12
LF:2
LH:2
end_of_record
SF:lib/src/domain/usecases/get_tasks.dart
DA:5,5
DA:7,12
LF:2
LH:2
end_of_record
SF:lib/src/domain/usecases/login.dart
DA:5,3
DA:7,2
DA:11,4
LF:3
LH:3
end_of_record
SF:lib/src/domain/usecases/register.dart
DA:5,3
DA:7,2
DA:12,4
LF:3
LH:3
end_of_record
SF:lib/src/domain/usecases/toggle_complete.dart
DA:5,5
DA:7,6
LF:2
LH:2
end_of_record
SF:lib/src/domain/usecases/update_task.dart
DA:5,5
DA:7,9
LF:2
LH:2
end_of_record
SF:lib/src/presenter/cubits/auth/auth_cubit.dart
DA:9,2
DA:16,4
DA:22,1
DA:23,2
DA:25,1
DA:31,2
DA:35,1
DA:39,2
DA:41,2
DA:42,2
DA:44,3
DA:45,2
DA:49,1
DA:53,2
DA:55,2
DA:60,2
DA:62,3
DA:63,2
DA:67,1
DA:68,2
DA:69,2
LF:21
LH:21
end_of_record
SF:lib/src/presenter/cubits/task/task_cubit.dart
DA:13,4
DA:24,4
DA:32,3
DA:39,6
DA:40,6
DA:41,6
DA:43,3
DA:45,9
DA:47,3
DA:48,3
DA:49,3
DA:50,3
DA:51,3
DA:52,3
DA:54,6
DA:55,9
DA:57,4
DA:61,3
DA:62,21
DA:64,2
DA:69,4
DA:71,12
DA:72,2
DA:75,4
DA:80,3
DA:82,6
DA:83,3
DA:84,27
DA:85,3
DA:87,4
DA:91,2
DA:93,4
DA:94,6
DA:96,16
DA:97,2
DA:99,4
DA:103,1
DA:105,2
DA:106,3
DA:107,7
DA:108,1
DA:110,4
LF:42
LH:42
end_of_record
SF:lib/src/domain/entities/task.dart
DA:5,15
DA:23,6
DA:32,6
DA:33,6
DA:34,3
DA:35,5
DA:36,4
DA:37,6
DA:38,6
DA:39,6
DA:43,3
DA:44,3
DA:45,3
DA:46,3
DA:47,3
DA:48,3
DA:49,3
DA:50,3
DA:51,3
LF:19
LH:19
end_of_record
SF:lib/src/domain/entities/user.dart
DA:4,41
DA:12,3
DA:13,3
DA:14,3
DA:15,3
DA:16,3
LF:6
LH:6
end_of_record
SF:lib/src/domain/value_objects/task_status.dart
DA:4,4
DA:5,4
DA:6,4
DA:7,4
DA:10,2
DA:11,2
DA:12,2
DA:13,2
DA:15,2
DA:16,2
LF:10
LH:10
end_of_record
SF:lib/src/presenter/cubits/auth/auth_state.dart
DA:5,38
DA:6,2
DA:7,2
DA:15,34
DA:17,2
DA:18,4
DA:24,4
DA:26,2
DA:27,4
LF:9
LH:9
end_of_record
SF:lib/src/presenter/cubits/task/task_state.dart
DA:8,38
DA:24,4
DA:35,4
DA:36,4
DA:37,4
DA:38,4
DA:39,4
DA:40,4
DA:41,4
DA:45,4
DA:47,28
LF:11
LH:11
end_of_record
SF:lib/src/presenter/pages/register_page.dart
DA:12,1
DA:13,1
DA:14,1
DA:23,1
DA:25,2
DA:26,2
DA:27,2
DA:28,1
DA:31,1
DA:33,1
DA:34,2
DA:35,1
DA:36,1
DA:37,1
DA:38,1
DA:39,1
DA:40,1
DA:41,1
DA:42,1
DA:43,1
DA:44,1
DA:45,1
DA:46,4
DA:49,1
DA:50,1
DA:51,1
DA:53,1
DA:54,1
DA:56,1
DA:58,1
DA:59,1
DA:60,1
DA:62,1
DA:63,1
DA:64,1
DA:66,1
DA:67,2
DA:71,1
DA:72,1
DA:75,2
DA:79,1
DA:80,1
DA:83,3
DA:87,1
DA:89,1
DA:90,3
DA:91,2
DA:92,2
DA:93,2
DA:94,2
LF:50
LH:50
end_of_record
SF:lib/src/presenter/widgets/loading_overlay.dart
DA:4,4
DA:8,3
DA:10,3
DA:11,3
DA:12,3
DA:13,3
DA:14,3
LF:7
LH:7
end_of_record
SF:lib/src/presenter/widgets/app_button.dart
DA:4,4
DA:8,3
DA:10,3
DA:12,12
LF:4
LH:4
end_of_record
SF:lib/src/presenter/widgets/app_text_field.dart
DA:4,3
DA:19,3
DA:21,3
DA:22,3
DA:23,3
DA:24,3
DA:25,3
DA:26,3
DA:27,3
LF:9
LH:9
end_of_record
SF:lib/src/presenter/pages/task_dashboard_page.dart
DA:11,1
DA:12,1
DA:13,1
DA:19,1
DA:21,1
DA:22,1
DA:23,1
DA:24,1
DA:26,1
DA:28,1
DA:29,1
DA:30,1
DA:31,1
DA:32,1
DA:33,2
DA:34,1
DA:35,1
DA:36,1
DA:38,2
DA:40,1
DA:41,1
DA:43,0
DA:44,0
DA:49,1
DA:51,1
DA:52,1
DA:54,1
DA:55,0
DA:56,0
DA:57,0
DA:59,0
DA:60,0
DA:62,0
DA:64,0
DA:65,0
DA:66,0
DA:67,0
DA:68,0
DA:69,0
DA:70,0
DA:75,0
DA:76,0
DA:81,1
DA:83,2
DA:85,0
DA:90,1
DA:91,0
DA:92,0
DA:93,0
DA:95,0
DA:96,0
DA:104,1
DA:106,1
DA:113,1
DA:114,1
DA:115,1
DA:116,1
DA:120,1
DA:131,1
DA:132,1
DA:133,1
DA:134,2
DA:138,4
DA:140,1
DA:141,2
DA:142,1
DA:143,1
DA:144,2
DA:145,1
DA:146,2
DA:147,1
DA:148,1
DA:149,1
DA:150,1
DA:151,2
DA:152,2
DA:153,1
DA:155,1
DA:157,0
DA:158,0
DA:159,0
DA:160,0
DA:161,0
DA:167,1
DA:169,0
DA:170,0
DA:171,0
DA:172,0
DA:178,1
DA:179,1
DA:181,4
DA:183,0
DA:190,2
DA:191,1
DA:192,2
DA:193,1
DA:194,3
DA:196,1
DA:197,1
DA:198,0
DA:199,0
DA:200,0
DA:201,0
DA:202,0
DA:204,0
DA:206,0
DA:207,0
DA:208,0
DA:209,0
DA:210,0
DA:216,1
DA:218,0
DA:219,0
DA:220,0
DA:221,0
DA:235,1
DA:237,1
DA:239,1
DA:240,1
DA:242,3
DA:246,1
DA:248,2
DA:258,1
DA:259,1
DA:260,1
DA:265,1
DA:267,1
DA:268,1
DA:270,1
DA:272,1
DA:273,1
DA:277,1
DA:281,1
DA:282,0
DA:283,0
DA:284,0
DA:286,0
DA:287,0
DA:293,1
DA:295,0
DA:299,1
DA:300,1
DA:301,0
DA:303,1
DA:304,1
DA:305,2
DA:306,1
DA:307,1
DA:311,1
DA:314,4
LF:150
LH:95
end_of_record
SF:lib/src/presenter/widgets/empty_state.dart
DA:4,5
DA:7,2
DA:9,2
DA:10,2
DA:11,2
DA:12,6
LF:6
LH:6
end_of_record
SF:lib/src/presenter/widgets/status_filter_bar.dart
DA:5,3
DA:9,2
DA:11,2
DA:15,2
DA:16,2
DA:18,2
DA:19,3
DA:20,2
DA:21,2
DA:22,4
DA:23,4
DA:24,3
LF:12
LH:12
end_of_record
SF:lib/src/presenter/widgets/task_card.dart
DA:6,2
DA:16,2
DA:18,2
DA:19,2
DA:20,2
DA:21,2
DA:22,1
DA:23,1
DA:27,2
DA:29,2
DA:30,6
DA:31,2
DA:32,6
DA:33,6
DA:35,2
DA:36,6
DA:39,2
DA:40,8
DA:44,2
LF:19
LH:19
end_of_record
SF:lib/src/presenter/pages/login_page.dart
DA:12,1
DA:13,1
DA:14,1
DA:22,1
DA:24,2
DA:25,2
DA:26,1
DA:29,1
DA:31,1
DA:32,2
DA:33,1
DA:34,1
DA:35,1
DA:36,1
DA:37,1
DA:38,1
DA:39,1
DA:40,1
DA:41,1
DA:42,1
DA:43,4
DA:46,1
DA:47,1
DA:48,1
DA:50,1
DA:51,1
DA:53,1
DA:55,1
DA:56,1
DA:57,1
DA:59,1
DA:60,1
DA:62,3
DA:64,1
DA:65,1
DA:68,2
DA:73,1
DA:74,1
DA:77,3
DA:82,1
DA:84,1
DA:85,3
DA:86,2
DA:87,2
DA:88,2
DA:93,1
DA:94,2
LF:47
LH:47
end_of_record
SF:lib/src/presenter/pages/task_detail_page.dart
DA:9,3
DA:13,2
DA:17,1
DA:19,1
DA:20,1
DA:21,1
DA:22,1
DA:24,1
DA:25,1
DA:26,1
DA:27,1
DA:28,5
DA:29,1
DA:30,1
DA:32,1
DA:33,1
DA:35,1
DA:38,1
DA:39,3
DA:45,1
DA:55,1
DA:58,1
DA:59,1
DA:63,1
DA:64,4
DA:65,1
DA:66,4
DA:67,4
DA:69,1
DA:71,2
DA:72,2
DA:73,1
DA:76,1
DA:78,1
DA:80,1
DA:81,1
DA:82,1
DA:85,1
DA:86,1
DA:89,1
DA:90,1
DA:92,5
DA:93,1
DA:94,4
DA:98,1
DA:99,1
DA:100,1
DA:101,1
DA:102,5
DA:103,2
DA:104,2
DA:111,1
DA:112,1
DA:113,3
DA:114,2
DA:115,2
DA:116,1
DA:118,2
DA:119,2
LF:59
LH:59
end_of_record
SF:lib/src/data/models/task_model.dart
DA:5,1
DA:15,1
DA:16,1
DA:17,1
DA:18,1
DA:19,1
DA:20,2
DA:21,2
DA:22,1
DA:23,2
DA:25,1
DA:26,2
DA:31,2
DA:32,1
DA:33,1
DA:34,1
DA:35,2
DA:36,2
DA:37,2
DA:38,2
LF:20
LH:20
end_of_record
